apps/mobile/modules/torrent-streamer/android/build/intermediates/manifest_merge_blame_file/debug/processDebugManifest/manifest-merger-blame-debug-report.txt
1<?xml version="1.0" encoding="utf-8"?>
2<manifest xmlns:android="http://schemas.android.com/apk/res/android"
3    package="al.kaleid.raffimobile.torrent" >
4
5    <uses-sdk android:minSdkVersion="24" />
6
7    <!-- Required for torrent networking -->
8    <uses-permission android:name="android.permission.INTERNET" />
8-->src\main\AndroidManifest.xml:4:5-67
8-->src\main\AndroidManifest.xml:4:22-64
9    <uses-permission android:name="android.permission.ACCESS_NETWORK_STATE" />
9-->src\main\AndroidManifest.xml:5:5-79
9-->src\main\AndroidManifest.xml:5:22-76
10
11    <!-- For caching torrent files -->
12    <uses-permission android:name="android.permission.WRITE_EXTERNAL_STORAGE" />
12-->src\main\AndroidManifest.xml:8:5-81
12-->src\main\AndroidManifest.xml:8:22-78
13    <uses-permission android:name="android.permission.READ_EXTERNAL_STORAGE" />
13-->src\main\AndroidManifest.xml:9:5-80
13-->src\main\AndroidManifest.xml:9:22-77
14
15</manifest>